Build started 14/12/2011 05:06:19.
     1>Project "Z:\devel\qmlmusicplugin\qmlmusicplugin.vcxproj" on node 2 (build target(s)).
     1>InitializeBuildStatus:
         Creating "Debug\qmlmusicplugin.unsuccessfulbuild" because "AlwaysCreate" was specified.
       ClCompile:
         C:\Program Files (x86)\Microsoft Visual Studio 10.0\VC\bin\CL.exe /c /IC:\QtSDK\Desktop\Qt\4.7.4\mingw\include /ZI /nologo /W3 /WX- /Od /Oy- /D _MBCS /Gm /EHsc /RTC1 /MDd /GS /fp:precise /Zc:wchar_t /Zc:forScope /Fo"Debug\\" /Fd"Debug\vc100.pdb" /Gd /TP /analyze- /errorReport:prompt auxsource.cpp dbuspropertyproxy.cpp main.cpp mpris2playerproxy.cpp mpris2source.cpp mprisplayerproxy.cpp mprisrootproxy.cpp mprissource.cpp mprisstatus.cpp player.cpp QmlMusicPlugin.cpp Source.cpp
         Source.cpp
     1>z:\devel\qmlmusicplugin\source.h(1): fatal error C1083: Cannot open include file: 'QObject': No such file or directory
         QmlMusicPlugin.cpp
     1>z:\devel\qmlmusicplugin\qmlmusicplugin.h(3): fatal error C1083: Cannot open include file: 'qdebug.h': No such file or directory
         player.cpp
     1>z:\devel\qmlmusicplugin\player.cpp(1): fatal error C1083: Cannot open include file: 'QTime': No such file or directory
         mprisstatus.cpp
     1>z:\devel\qmlmusicplugin\mprisstatus.h(1): fatal error C1083: Cannot open include file: '/usr/include/qt4/Qt/qdbusargument.h': No such file or directory
         mprissource.cpp
     1>z:\devel\qmlmusicplugin\source.h(1): fatal error C1083: Cannot open include file: 'QObject': No such file or directory
         mprisrootproxy.cpp
     1>z:\devel\qmlmusicplugin\mprisrootproxy.h(27): error C2504: 'QDBusAbstractInterface' : base class undefined
     1>z:\devel\qmlmusicplugin\mprisrootproxy.h(34): error C4430: missing type specifier - int assumed. Note: C++ does not support default-int
     1>z:\devel\qmlmusicplugin\mprisrootproxy.h(34): error C2143: syntax error : missing ',' before '&'
     1>z:\devel\qmlmusicplugin\mprisrootproxy.h(67): error C2143: syntax error : missing ';' before '<'
     1>z:\devel\qmlmusicplugin\mprisrootproxy.h(67): error C2433: 'MprisRootProxy::QDBusPendingReply' : 'inline' not permitted on data declarations
     1>z:\devel\qmlmusicplugin\mprisrootproxy.h(67): error C4430: missing type specifier - int assumed. Note: C++ does not support default-int
     1>z:\devel\qmlmusicplugin\mprisrootproxy.h(68): error C2334: unexpected token(s) preceding '{'; skipping apparent function body
     1>z:\devel\qmlmusicplugin\mprisrootproxy.h(73): error C2143: syntax error : missing ';' before '<'
     1>z:\devel\qmlmusicplugin\mprisrootproxy.h(73): error C2433: 'MprisRootProxy::QDBusPendingReply' : 'inline' not permitted on data declarations
     1>z:\devel\qmlmusicplugin\mprisrootproxy.h(73): error C4430: missing type specifier - int assumed. Note: C++ does not support default-int
     1>z:\devel\qmlmusicplugin\mprisrootproxy.h(74): error C2334: unexpected token(s) preceding '{'; skipping apparent function body
     1>z:\devel\qmlmusicplugin\mprisrootproxy.h(40): error C3861: 'property': identifier not found
     1>z:\devel\qmlmusicplugin\mprisrootproxy.h(44): error C3861: 'property': identifier not found
     1>z:\devel\qmlmusicplugin\mprisrootproxy.h(48): error C3861: 'property': identifier not found
     1>z:\devel\qmlmusicplugin\mprisrootproxy.h(52): error C3861: 'property': identifier not found
     1>z:\devel\qmlmusicplugin\mprisrootproxy.h(56): error C3861: 'property': identifier not found
     1>z:\devel\qmlmusicplugin\mprisrootproxy.h(60): error C3861: 'property': identifier not found
     1>z:\devel\qmlmusicplugin\mprisrootproxy.h(64): error C3861: 'property': identifier not found
     1>z:\devel\qmlmusicplugin\mprisrootproxy.cpp(18): error C4430: missing type specifier - int assumed. Note: C++ does not support default-int
     1>z:\devel\qmlmusicplugin\mprisrootproxy.cpp(18): error C2143: syntax error : missing ',' before '&'
     1>z:\devel\qmlmusicplugin\mprisrootproxy.cpp(19): error C2065: 'connection' : undeclared identifier
     1>z:\devel\qmlmusicplugin\mprisrootproxy.cpp(19): error C2065: 'parent' : undeclared identifier
     1>z:\devel\qmlmusicplugin\mprisrootproxy.cpp(20): error C2614: 'MprisRootProxy' : illegal member initialization: 'QDBusAbstractInterface' is not a base or member
         mprisplayerproxy.cpp
     1>z:\devel\qmlmusicplugin\mprisstatus.h(1): fatal error C1083: Cannot open include file: '/usr/include/qt4/Qt/qdbusargument.h': No such file or directory
         mpris2source.cpp
     1>z:\devel\qmlmusicplugin\source.h(1): fatal error C1083: Cannot open include file: 'QObject': No such file or directory
         mpris2playerproxy.cpp
     1>z:\devel\qmlmusicplugin\mpris2playerproxy.h(27): error C2504: 'QDBusAbstractInterface' : base class undefined
     1>z:\devel\qmlmusicplugin\mpris2playerproxy.h(34): error C4430: missing type specifier - int assumed. Note: C++ does not support default-int
     1>z:\devel\qmlmusicplugin\mpris2playerproxy.h(34): error C2143: syntax error : missing ',' before '&'
     1>z:\devel\qmlmusicplugin\mpris2playerproxy.h(107): error C2143: syntax error : missing ';' before '<'
     1>z:\devel\qmlmusicplugin\mpris2playerproxy.h(107): error C2433: 'Mpris2PlayerProxy::QDBusPendingReply' : 'inline' not permitted on data declarations
     1>z:\devel\qmlmusicplugin\mpris2playerproxy.h(107): error C4430: missing type specifier - int assumed. Note: C++ does not support default-int
     1>z:\devel\qmlmusicplugin\mpris2playerproxy.h(108): error C2334: unexpected token(s) preceding '{'; skipping apparent function body
     1>z:\devel\qmlmusicplugin\mpris2playerproxy.h(113): error C2143: syntax error : missing ';' before '<'
     1>z:\devel\qmlmusicplugin\mpris2playerproxy.h(113): error C2433: 'Mpris2PlayerProxy::QDBusPendingReply' : 'inline' not permitted on data declarations
     1>z:\devel\qmlmusicplugin\mpris2playerproxy.h(113): error C4430: missing type specifier - int assumed. Note: C++ does not support default-int
     1>z:\devel\qmlmusicplugin\mpris2playerproxy.h(114): error C2334: unexpected token(s) preceding '{'; skipping apparent function body
     1>z:\devel\qmlmusicplugin\mpris2playerproxy.h(120): error C2143: syntax error : missing ';' before '<'
     1>z:\devel\qmlmusicplugin\mpris2playerproxy.h(120): error C2433: 'Mpris2PlayerProxy::QDBusPendingReply' : 'inline' not permitted on data declarations
     1>z:\devel\qmlmusicplugin\mpris2playerproxy.h(120): error C4430: missing type specifier - int assumed. Note: C++ does not support default-int
     1>z:\devel\qmlmusicplugin\mpris2playerproxy.h(121): error C2334: unexpected token(s) preceding '{'; skipping apparent function body
     1>z:\devel\qmlmusicplugin\mpris2playerproxy.h(126): error C2143: syntax error : missing ';' before '<'
     1>z:\devel\qmlmusicplugin\mpris2playerproxy.h(126): error C2433: 'Mpris2PlayerProxy::QDBusPendingReply' : 'inline' not permitted on data declarations
     1>z:\devel\qmlmusicplugin\mpris2playerproxy.h(126): error C4430: missing type specifier - int assumed. Note: C++ does not support default-int
     1>z:\devel\qmlmusicplugin\mpris2playerproxy.h(127): error C2334: unexpected token(s) preceding '{'; skipping apparent function body
     1>z:\devel\qmlmusicplugin\mpris2playerproxy.h(132): error C2143: syntax error : missing ';' before '<'
     1>z:\devel\qmlmusicplugin\mpris2playerproxy.h(132): error C2433: 'Mpris2PlayerProxy::QDBusPendingReply' : 'inline' not permitted on data declarations
     1>z:\devel\qmlmusicplugin\mpris2playerproxy.h(132): error C4430: missing type specifier - int assumed. Note: C++ does not support default-int
     1>z:\devel\qmlmusicplugin\mpris2playerproxy.h(133): error C2334: unexpected token(s) preceding '{'; skipping apparent function body
     1>z:\devel\qmlmusicplugin\mpris2playerproxy.h(138): error C2143: syntax error : missing ';' before '<'
     1>z:\devel\qmlmusicplugin\mpris2playerproxy.h(138): error C2433: 'Mpris2PlayerProxy::QDBusPendingReply' : 'inline' not permitted on data declarations
     1>z:\devel\qmlmusicplugin\mpris2playerproxy.h(138): error C4430: missing type specifier - int assumed. Note: C++ does not support default-int
     1>z:\devel\qmlmusicplugin\mpris2playerproxy.h(139): error C2334: unexpected token(s) preceding '{'; skipping apparent function body
     1>z:\devel\qmlmusicplugin\mpris2playerproxy.h(144): error C2143: syntax error : missing ';' before '<'
     1>z:\devel\qmlmusicplugin\mpris2playerproxy.h(144): error C2433: 'Mpris2PlayerProxy::QDBusPendingReply' : 'inline' not permitted on data declarations
     1>z:\devel\qmlmusicplugin\mpris2playerproxy.h(144): error C4430: missing type specifier - int assumed. Note: C++ does not support default-int
     1>z:\devel\qmlmusicplugin\mpris2playerproxy.h(145): error C2334: unexpected token(s) preceding '{'; skipping apparent function body
     1>z:\devel\qmlmusicplugin\mpris2playerproxy.h(151): error C2143: syntax error : missing ';' before '<'
     1>z:\devel\qmlmusicplugin\mpris2playerproxy.h(151): error C2433: 'Mpris2PlayerProxy::QDBusPendingReply' : 'inline' not permitted on data declarations
     1>z:\devel\qmlmusicplugin\mpris2playerproxy.h(151): error C4430: missing type specifier - int assumed. Note: C++ does not support default-int
     1>z:\devel\qmlmusicplugin\mpris2playerproxy.h(152): error C2334: unexpected token(s) preceding '{'; skipping apparent function body
     1>z:\devel\qmlmusicplugin\mpris2playerproxy.h(158): error C2143: syntax error : missing ';' before '<'
     1>z:\devel\qmlmusicplugin\mpris2playerproxy.h(158): error C2433: 'Mpris2PlayerProxy::QDBusPendingReply' : 'inline' not permitted on data declarations
     1>z:\devel\qmlmusicplugin\mpris2playerproxy.h(158): error C4430: missing type specifier - int assumed. Note: C++ does not support default-int
     1>z:\devel\qmlmusicplugin\mpris2playerproxy.h(159): error C2334: unexpected token(s) preceding '{'; skipping apparent function body
     1>z:\devel\qmlmusicplugin\mpris2playerproxy.h(40): error C3861: 'property': identifier not found
     1>z:\devel\qmlmusicplugin\mpris2playerproxy.h(44): error C3861: 'property': identifier not found
     1>z:\devel\qmlmusicplugin\mpris2playerproxy.h(48): error C3861: 'property': identifier not found
     1>z:\devel\qmlmusicplugin\mpris2playerproxy.h(52): error C3861: 'property': identifier not found
     1>z:\devel\qmlmusicplugin\mpris2playerproxy.h(56): error C3861: 'property': identifier not found
     1>z:\devel\qmlmusicplugin\mpris2playerproxy.h(60): error C3861: 'property': identifier not found
     1>z:\devel\qmlmusicplugin\mpris2playerproxy.h(64): error C3861: 'property': identifier not found
     1>z:\devel\qmlmusicplugin\mpris2playerproxy.h(66): error C3861: 'setProperty': identifier not found
     1>z:\devel\qmlmusicplugin\mpris2playerproxy.h(70): error C3861: 'property': identifier not found
     1>z:\devel\qmlmusicplugin\mpris2playerproxy.h(74): error C3861: 'property': identifier not found
     1>z:\devel\qmlmusicplugin\mpris2playerproxy.h(78): error C3861: 'property': identifier not found
     1>z:\devel\qmlmusicplugin\mpris2playerproxy.h(82): error C3861: 'property': identifier not found
     1>z:\devel\qmlmusicplugin\mpris2playerproxy.h(86): error C3861: 'property': identifier not found
     1>z:\devel\qmlmusicplugin\mpris2playerproxy.h(90): error C3861: 'property': identifier not found
     1>z:\devel\qmlmusicplugin\mpris2playerproxy.h(92): error C3861: 'setProperty': identifier not found
     1>z:\devel\qmlmusicplugin\mpris2playerproxy.h(96): error C3861: 'property': identifier not found
     1>z:\devel\qmlmusicplugin\mpris2playerproxy.h(98): error C3861: 'setProperty': identifier not found
     1>z:\devel\qmlmusicplugin\mpris2playerproxy.h(102): error C3861: 'property': identifier not found
     1>z:\devel\qmlmusicplugin\mpris2playerproxy.h(104): error C3861: 'setProperty': identifier not found
     1>z:\devel\qmlmusicplugin\mpris2playerproxy.cpp(18): error C4430: missing type specifier - int assumed. Note: C++ does not support default-int
     1>z:\devel\qmlmusicplugin\mpris2playerproxy.cpp(18): error C2143: syntax error : missing ',' before '&'
     1>z:\devel\qmlmusicplugin\mpris2playerproxy.cpp(19): error C2065: 'connection' : undeclared identifier
     1>z:\devel\qmlmusicplugin\mpris2playerproxy.cpp(19): error C2065: 'parent' : undeclared identifier
     1>z:\devel\qmlmusicplugin\mpris2playerproxy.cpp(20): error C2614: 'Mpris2PlayerProxy' : illegal member initialization: 'QDBusAbstractInterface' is not a base or member
         main.cpp
     1>c1xx : fatal error C1083: Cannot open source file: 'main.cpp': No such file or directory
         dbuspropertyproxy.cpp
     1>c1xx : fatal error C1083: Cannot open source file: 'dbuspropertyproxy.cpp': No such file or directory
         auxsource.cpp
     1>z:\devel\qmlmusicplugin\source.h(1): fatal error C1083: Cannot open include file: 'QObject': No such file or directory
         Generating Code...
     1>Done Building Project "Z:\devel\qmlmusicplugin\qmlmusicplugin.vcxproj" (build target(s)) -- FAILED.

Build FAILED.

Time Elapsed 00:00:07.37
